Script started on Mon 25 Jan 2016 08:58:19 PM UTC

[(:mango :mint :red :white :blue :orange :green :cyan :yellow) ((1 + 2 = 3 + 3 - 3) (4 - 1 = 1 * 2 + 1) (3 / 3 = 2 - 4 / 4) (2 * 4 = 4 / 1 * 2))]
[(:mango :mint :red :cyan :blue :orange :green :white :yellow) ((1 + 2 * 4 / 4 = 3) (4 - 1 - 3 + 1 = 1) (3 / 3 + 1 * 3 = 4) (2 * 4 / 2 - 2 = 2))]
[(:mango :mint :red :white :blue :orange :yellow :cyan :green) ((1 + 2 = 3 + 4 - 4) (4 - 1 = 1 * 2 + 1) (3 / 3 = 2 - 3 / 3) (2 * 4 = 4 / 1 * 2))]
[(:mango :mint :red :white :blue :orange :yellow :cyan :green) ((1 * 1 = 4 / 1 / 4) (4 + 3 = 3 + 4 * 1) (3 - 4 = 1 * 2 - 3) (2 / 2 = 2 - 3 + 2))]
[(:mango :cyan :red :mint :blue :orange :yellow :white :green) ((1 * 4 - 2 + 1 = 3) (4 - 2 / 4 * 4 = 2) (3 + 1 * 3 - 2 = 4) (2 / 3 + 1 / 3 = 1))]
[(:mango :orange :red :cyan :green :mint :blue :white :yellow) ((1 * 2 + 4 / 4 = 3) (4 - 1 / 1 * 3 = 1) (3 / 3 * 3 + 1 = 4) (2 + 4 - 2 - 2 = 2))]
[(:mango :mint :red :white :green :cyan :blue :orange :yellow) ((1 * 3 = 3 - 4 + 4) (4 + 4 = 2 + 3 * 2) (3 - 2 = 4 / 1 - 3) (2 / 1 = 1 * 2 / 1))]
[(:mango :mint :red :white :yellow :orange :blue :cyan :green) ((1 - 3 = 1 - 3 * 1) (4 / 4 = 4 / 1 - 3) (3 * 2 = 2 + 2 + 2) (2 + 1 = 3 * 4 / 4))]
[(:mango :mint :red :orange :yellow :cyan :blue :white :green) ((1 + 3 / 1 / 3 = 2) (4 - 4 + 4 * 1 = 4) (3 / 2 * 2 - 2 = 1) (2 * 1 - 3 + 4 = 3))]
[(:mango :mint :red :white :yellow :cyan :green :orange :blue) ((1 - 3 = 1 * 1 - 3) (4 / 4 = 4 - 3 / 1) (3 * 2 = 2 + 2 + 2) (2 + 1 = 3 / 4 * 4))]
[(:mango :cyan :blue :white :red :orange :green :mint :yellow) ((1 + 2 = 4 - 3 / 3) (4 / 4 = 2 / 2 * 1) (3 * 3 = 1 + 4 + 4) (2 - 1 = 3 * 1 - 2))]
[(:mango :cyan :blue :white :red :orange :green :mint :yellow) ((1 * 2 = 3 * 2 / 3) (4 - 4 = 4 - 4 * 1) (3 + 3 = 2 / 1 + 4) (2 / 1 = 1 + 3 - 2))]
[(:mango :cyan :blue :white :red :mint :yellow :orange :green) ((1 * 2 = 3 / 3 * 2) (4 - 4 = 4 * 1 - 4) (3 + 3 = 2 + 4 / 1) (2 / 1 = 1 - 2 + 3))]
[(:mango :mint :blue :white :green :cyan :red :orange :yellow) ((1 - 2 = 2 * 1 - 3) (4 / 4 = 4 - 3 / 1) (3 * 3 = 1 + 4 + 4) (2 + 1 = 3 / 2 * 2))]
[(:mango :cyan :blue :white :green :mint :red :orange :yellow) ((1 * 3 = 3 * 2 - 3) (4 - 1 = 2 + 1 / 1) (3 + 2 = 4 - 3 + 4) (2 / 4 = 1 / 4 * 2))]
[(:mango :cyan :blue :orange :green :white :red :mint :yellow) ((1 * 2 / 2 = 3 / 3) (4 - 4 + 4 = 4 * 1) (3 + 3 * 1 = 2 + 4) (2 / 1 - 3 = 1 - 2))]
[(:mango :orange :blue :cyan :green :mint :yellow :white :red) ((1 * 2 + 2 - 3 = 1) (4 - 4 / 4 / 1 = 3) (3 / 3 * 1 * 4 = 4) (2 + 1 - 3 + 2 = 2))]
[(:mango :mint :blue :white :green :orange :yellow :cyan :red) ((1 - 2 = 2 - 3 * 1) (4 / 4 = 4 / 1 - 3) (3 * 3 = 1 + 4 + 4) (2 + 1 = 3 * 2 / 2))]
[(:mango :cyan :blue :orange :green :white :yellow :mint :red) ((1 * 3 + 3 = 3 * 2) (4 - 1 * 2 = 1 + 1) (3 + 2 - 4 = 4 - 3) (2 / 4 / 1 = 2 / 4))]
[(:mango :cyan :blue :orange :green :mint :yellow :white :red) ((1 * 1 * 3 * 1 = 3) (4 - 2 - 2 + 4 = 4) (3 + 4 / 4 - 2 = 2) (2 / 3 + 1 / 3 = 1))]
[(:mango :orange :blue :cyan :yellow :white :red :mint :green) ((1 / 1 / 3 = 1 / 3) (4 + 2 * 1 = 3 * 2) (3 * 4 - 4 = 4 + 4) (2 - 3 + 2 = 2 - 1))]
[(:mango :mint :blue :orange :yellow :cyan :red :white :green) ((1 + 2 / 2 * 2 = 3) (4 - 4 + 3 - 1 = 2) (3 / 3 * 1 + 3 = 4) (2 * 1 - 4 / 4 = 1))]
[(:mango :orange :blue :mint :yellow :cyan :green :white :red) ((1 * 2 - 3 + 2 = 1) (4 - 4 / 1 / 4 = 3) (3 / 3 * 4 * 1 = 4) (2 + 1 + 2 - 3 = 2))]
[(:mango :cyan :blue :white :yellow :mint :green :orange :red) ((1 * 3 = 4 * 1 - 1) (4 - 1 = 2 + 3 / 3) (3 + 2 = 3 - 2 + 4) (2 / 4 = 1 / 4 * 2))]
[(:mango :cyan :blue :orange :yellow :white :green :mint :red) ((1 * 3 + 3 = 3 * 2) (4 - 1 * 1 = 2 + 1) (3 + 2 - 4 = 4 - 3) (2 / 4 / 2 = 1 / 4))]
[(:mango :white :green :orange :red :mint :blue :cyan :yellow) ((1 = 2 - 3 / 3 / 1) (4 = 4 / 4 * 1 * 4) (3 = 1 + 2 + 2 - 2) (2 = 3 * 1 - 4 + 3))]
[(:mango :orange :green :mint :red :cyan :blue :white :yellow) ((1 - 3 + 1 + 4 = 3) (4 / 2 - 3 / 3 = 1) (3 + 4 / 4 * 1 = 4) (2 * 1 * 2 - 2 = 2))]
[(:mango :orange :green :cyan :red :white :blue :mint :yellow) ((1 - 2 + 2 = 3 / 3) (4 / 4 / 1 = 1 * 1) (3 + 1 * 3 = 2 + 4) (2 * 3 - 4 = 4 - 2))]
[(:mango :orange :green :cyan :red :mint :blue :white :yellow) ((1 - 4 + 4 * 1 = 1) (4 / 1 / 2 + 2 = 4) (3 + 3 * 1 - 4 = 2) (2 * 2 - 3 / 3 = 3))]
[(:mango :cyan :green :white :red :mint :blue :orange :yellow) ((1 * 4 = 3 + 4 / 4) (4 - 1 = 4 - 3 + 2) (3 + 3 = 2 / 1 * 3) (2 / 2 = 1 * 2 - 1))]
[(:mango :cyan :green :orange :red :mint :blue :white :yellow) ((1 + 4 * 2 / 4 = 3) (4 / 1 - 1 * 3 = 1) (3 * 3 / 3 + 1 = 4) (2 - 2 + 4 - 2 = 2))]
[(:mango :white :green :orange :red :cyan :yellow :mint :blue) ((1 = 2 - 3 / 1 / 3) (4 = 4 / 4 * 4 * 1) (3 = 1 + 2 - 2 + 2) (2 = 3 * 1 + 3 - 4))]
[(:mango :cyan :green :white :red :orange :yellow :mint :blue) ((1 * 3 = 4 - 3 / 3) (4 - 2 = 2 / 1 * 1) (3 + 4 = 1 + 4 + 2) (2 / 1 = 3 * 2 - 4))]
[(:mango :white :green :cyan :blue :mint :red :orange :yellow) ((1 = 2 + 2 * 1 - 3) (4 = 4 / 4 + 3 / 1) (3 = 1 * 3 - 4 + 4) (2 = 3 - 1 / 2 * 2))]
[(:mango :orange :green :mint :blue :white :red :cyan :yellow) ((1 * 4 - 3 = 2 / 2) (4 - 1 / 1 = 1 * 3) (3 / 3 * 2 = 3 - 1) (2 + 2 + 4 = 4 + 4))]
[(:mango :orange :green :cyan :blue :white :red :mint :yellow) ((1 / 2 * 2 = 3 / 3) (4 + 4 - 4 = 4 * 1) (3 * 1 + 3 = 2 + 4) (2 - 3 / 1 = 1 - 2))]
[(:mango :white :green :cyan :blue :orange :yellow :mint :red) ((1 = 2 + 2 - 3 * 1) (4 = 4 / 4 / 1 + 3) (3 = 1 * 3 + 4 - 4) (2 = 3 - 1 * 2 / 2))]
[(:mango :white :green :cyan :yellow :orange :red :mint :blue) ((1 = 2 / 1 - 3 / 3) (4 = 4 * 4 / 4 * 1) (3 = 1 - 2 + 2 + 2) (2 = 3 + 3 * 1 - 4))]
[(:mango :orange :green :cyan :yellow :white :red :mint :blue) ((1 + 4 - 4 = 4 / 4) (4 * 1 + 2 = 2 * 3) (3 - 3 / 3 = 1 + 1) (2 / 2 * 1 = 3 - 2))]
[(:mango :cyan :green :mint :yellow :white :red :orange :blue) ((1 * 1 * 4 = 1 + 3) (4 - 3 + 2 = 3 * 1) (3 + 2 - 3 = 4 - 2) (2 / 4 / 1 = 2 / 4))]
[(:mango :orange :green :cyan :yellow :white :blue :mint :red) ((1 * 2 + 1 = 3 / 1) (4 - 4 / 4 = 1 * 3) (3 / 1 * 2 = 2 + 4) (2 + 3 - 3 = 4 - 2))]
[(:mango :cyan :green :mint :yellow :orange :blue :white :red) ((1 * 1 * 4 - 3 = 1) (4 - 3 + 2 / 1 = 3) (3 + 2 - 3 + 2 = 4) (2 / 4 / 1 * 4 = 2))]
[(:mango :orange :yellow :mint :red :cyan :blue :white :green) ((1 / 1 + 3 / 3 = 2) (4 + 4 - 4 * 1 = 4) (3 * 2 / 2 - 2 = 1) (2 - 3 * 1 + 4 = 3))]
[(:mango :orange :yellow :cyan :red :mint :blue :white :green) ((1 / 2 * 2 + 2 = 3) (4 + 3 - 1 - 4 = 2) (3 * 1 + 3 / 3 = 4) (2 - 4 / 4 * 1 = 1))]
[(:mango :white :yellow :cyan :red :orange :green :mint :blue) ((1 = 4 - 2 / 2 - 2) (4 = 2 + 1 + 4 / 4) (3 = 3 / 3 * 1 * 3) (2 = 1 * 4 - 3 + 1))]
[(:mango :orange :yellow :mint :red :white :green :cyan :blue) ((1 + 3 + 1 = 1 + 4) (4 * 1 - 3 = 3 / 3) (3 - 4 / 4 = 2 * 1) (2 / 2 * 2 = 4 - 2))]
[(:mango :orange :yellow :cyan :red :white :green :mint :blue) ((1 / 2 * 2 = 1 / 1) (4 + 3 - 1 = 3 * 2) (3 * 1 + 3 = 2 + 4) (2 - 4 / 4 = 4 - 3))]
[(:mango :orange :yellow :cyan :blue :mint :red :white :green) ((1 * 2 + 4 / 4 = 3) (4 - 3 / 3 * 2 = 2) (3 / 1 * 1 + 1 = 4) (2 + 4 - 2 - 3 = 1))]
[(:mango :orange :yellow :white :blue :cyan :green :mint :red) ((1 / 1 = 2 - 2 / 2) (4 + 4 = 4 + 4 * 1) (3 * 2 = 3 / 1 + 3) (2 - 3 = 1 * 3 - 4))]
[(:mango :mint :yellow :orange :blue :cyan :green :white :red) ((1 * 4 - 3 * 1 = 1) (4 + 2 / 1 - 3 = 3) (3 - 3 + 2 + 2 = 4) (2 / 1 * 4 / 4 = 2))]
[(:mango :white :yellow :orange :green :cyan :red :mint :blue) ((1 = 1 * 2 - 3 / 3) (4 = 4 - 4 + 4 * 1) (3 = 2 / 1 / 2 + 2) (2 = 3 + 3 * 1 - 4))]
[(:mango :orange :yellow :cyan :green :white :red :mint :blue) ((1 + 3 - 3 = 4 / 4) (4 * 1 + 2 = 2 * 3) (3 - 4 / 4 = 1 + 1) (2 / 2 * 1 = 3 - 2))]
[(:mango :mint :yellow :cyan :green :white :red :orange :blue) ((1 * 4 * 1 = 1 + 3) (4 + 2 - 3 = 3 * 1) (3 - 3 + 2 = 4 - 2) (2 / 1 / 4 = 2 / 4))]
[(:mango :orange :yellow :cyan :green :white :blue :mint :red) ((1 * 2 + 1 = 3 / 1) (4 - 3 / 3 = 1 * 3) (3 / 1 * 2 = 2 + 4) (2 + 4 - 4 = 4 - 2))]
[(:mango :mint :yellow :cyan :green :orange :blue :white :red) ((1 * 4 * 1 - 3 = 1) (4 + 2 - 3 / 1 = 3) (3 - 3 + 2 + 2 = 4) (2 / 1 / 4 * 4 = 2))]
[(:red :white :mango :orange :blue :cyan :green :mint :yellow) ((1 = 1 * 2 + 2 - 3) (3 = 4 - 4 / 4 / 1) (4 = 3 / 3 * 1 * 4) (2 = 2 + 1 - 3 + 2))]
[(:red :white :mango :cyan :blue :orange :green :mint :yellow) ((1 = 2 / 3 + 1 / 3) (3 = 1 * 1 * 3 * 1) (4 = 4 - 2 - 2 + 4) (2 = 3 + 4 / 4 - 2))]
[(:red :orange :mango :cyan :blue :white :green :mint :yellow) ((1 - 2 * 1 = 3 - 4) (3 / 1 - 2 = 2 / 2) (4 + 4 + 4 = 4 * 3) (2 * 3 / 3 = 1 + 1))]
[(:red :white :mango :orange :blue :mint :yellow :cyan :green) ((1 = 1 * 2 - 3 + 2) (3 = 4 - 4 / 1 / 4) (4 = 3 / 3 * 4 * 1) (2 = 2 + 1 + 2 - 3))]
[(:red :mint :mango :white :green :cyan :blue :orange :yellow) ((1 * 1 = 4 / 4 / 1) (3 + 4 = 1 * 3 + 4) (4 - 3 = 3 - 1 * 2) (2 / 2 = 2 + 2 - 3))]
[(:red :cyan :mango :white :green :mint :blue :orange :yellow) ((1 / 1 = 2 - 3 + 2) (3 * 4 = 4 / 1 * 3) (4 - 3 = 1 * 2 - 1) (2 + 2 = 3 + 4 / 4))]
[(:red :white :mango :cyan :green :mint :yellow :orange :blue) ((1 = 1 * 1 * 4 - 3) (3 = 4 - 3 + 2 / 1) (4 = 3 + 2 - 3 + 2) (2 = 2 / 4 / 1 * 4))]
[(:red :cyan :mango :orange :green :white :yellow :mint :blue) ((1 / 1 - 2 = 2 - 3) (3 * 4 / 4 = 3 / 1) (4 - 3 + 1 = 1 * 2) (2 + 2 * 3 = 4 + 4))]
[(:red :cyan :mango :mint :green :orange :yellow :white :blue) ((1 / 2 + 3 / 2 = 2) (3 * 1 - 2 + 3 = 4) (4 - 4 / 4 * 1 = 3) (2 + 3 * 1 - 4 = 1))]
[(:red :white :mango :mint :yellow :orange :blue :cyan :green) ((1 = 1 * 4 - 3 * 1) (3 = 4 + 2 / 1 - 3) (4 = 3 - 3 + 2 + 2) (2 = 2 / 1 * 4 / 4))]
[(:red :orange :mango :mint :yellow :white :blue :cyan :green) ((1 + 1 - 1 = 4 / 4) (3 * 4 / 4 = 3 * 1) (4 - 3 * 2 = 1 - 3) (2 / 2 + 3 = 2 + 2))]
[(:red :white :mango :mint :yellow :cyan :green :orange :blue) ((1 = 1 * 4 * 1 - 3) (3 = 4 + 2 - 3 / 1) (4 = 3 - 3 + 2 + 2) (2 = 2 / 1 / 4 * 4))]
[(:red :mint :mango :orange :yellow :white :green :cyan :blue) ((1 + 2 / 2 = 4 - 2) (3 - 1 + 3 = 1 + 4) (4 / 4 * 1 = 3 / 3) (2 * 3 - 4 = 2 * 1))]
[(:red :mint :mango :cyan :yellow :white :green :orange :blue) ((1 * 3 - 2 = 2 / 2) (3 + 2 + 3 = 4 + 4) (4 - 1 / 1 = 1 * 3) (2 / 4 * 4 = 3 - 1))]
[(:red :white :blue :orange :mango :cyan :green :mint :yellow) ((1 = 2 * 1 + 2 - 3) (3 = 4 - 4 / 4 / 1) (4 = 3 / 3 * 1 * 4) (2 = 1 + 2 - 3 + 2))]
[(:red :orange :blue :white :mango :cyan :green :mint :yellow) ((1 + 3 = 1 * 1 * 4) (3 * 1 = 4 - 3 + 2) (4 - 2 = 3 + 2 - 3) (2 / 4 = 2 / 4 / 1))]
[(:red :mint :blue :white :mango :orange :green :cyan :yellow) ((1 + 1 = 3 - 3 / 3) (3 - 2 = 2 / 2 * 1) (4 / 4 = 1 + 4 - 4) (2 * 3 = 4 * 1 + 2))]
[(:red :mint :blue :orange :mango :cyan :green :white :yellow) ((1 + 1 / 1 + 2 = 4) (3 - 2 + 4 / 4 = 2) (4 / 4 * 3 * 1 = 3) (2 * 3 - 2 - 3 = 1))]
[(:red :cyan :blue :orange :mango :white :green :mint :yellow) ((1 * 1 - 2 = 3 - 4) (3 - 2 / 1 = 2 / 2) (4 + 4 + 4 = 4 * 3) (2 / 3 * 3 = 1 + 1))]
[(:red :white :blue :orange :mango :mint :yellow :cyan :green) ((1 = 2 * 1 - 3 + 2) (3 = 4 - 4 / 1 / 4) (4 = 3 / 3 * 4 * 1) (2 = 1 + 2 + 2 - 3))]
[(:red :orange :blue :white :mango :mint :yellow :cyan :green) ((1 + 3 = 1 * 4 * 1) (3 * 1 = 4 + 2 - 3) (4 - 2 = 3 - 3 + 2) (2 / 4 = 2 / 1 / 4))]
[(:red :mint :blue :white :mango :orange :yellow :cyan :green) ((1 + 1 = 3 - 4 / 4) (3 - 2 = 2 / 2 * 1) (4 / 4 = 1 + 3 - 3) (2 * 3 = 4 * 1 + 2))]
[(:red :mint :blue :cyan :mango :white :yellow :orange :green) ((1 / 3 * 3 = 4 - 3) (3 * 1 - 2 = 2 / 2) (4 + 2 + 1 = 3 + 4) (2 - 4 / 4 = 1 * 1))]
[(:red :cyan :blue :mint :mango :white :yellow :orange :green) ((1 * 4 - 4 = 4 - 4) (3 - 3 / 3 = 2 / 1) (4 + 1 * 2 = 3 + 3) (2 / 2 + 1 = 1 * 2))]
[(:red :cyan :blue :mint :mango :orange :yellow :white :green) ((1 * 4 - 4 + 4 = 4) (3 - 3 / 3 * 2 = 1) (4 + 1 * 2 - 3 = 3) (2 / 2 + 1 / 1 = 2))]
[(:red :mint :blue :white :green :orange :mango :cyan :yellow) ((1 + 1 = 3 - 3 / 3) (3 - 2 = 2 / 2 * 1) (4 / 4 = 4 + 1 - 4) (2 * 3 = 1 * 4 + 2))]
[(:red :mint :blue :cyan :green :white :yellow :orange :mango) ((1 * 3 - 1 = 2 / 1) (3 + 1 + 3 = 3 + 4) (4 - 2 / 2 = 1 * 3) (2 / 4 * 4 = 4 - 2))]
[(:red :white :blue :mint :yellow :orange :mango :cyan :green) ((1 = 2 - 3 * 1 + 2) (3 = 4 / 1 - 4 / 4) (4 = 3 * 4 / 3 * 1) (2 = 1 + 2 + 2 - 3))]
[(:red :orange :blue :white :yellow :cyan :mango :mint :green) ((1 / 4 = 4 / 4 / 4) (3 + 3 = 2 * 3 * 1) (4 * 1 = 3 - 2 + 3) (2 - 2 = 1 + 1 - 2))]
[(:red :mint :blue :orange :yellow :white :mango :cyan :green) ((1 * 2 - 1 = 2 / 2) (3 + 4 / 4 = 1 * 4) (4 - 3 + 2 = 4 - 1) (2 / 1 * 3 = 3 + 3))]
[(:red :orange :blue :white :yellow :mint :green :cyan :mango) ((1 / 4 = 4 / 4 / 4) (3 + 3 = 2 * 1 * 3) (4 * 1 = 3 + 3 - 2) (2 - 2 = 1 - 2 + 1))]
[(:red :orange :green :mint :mango :cyan :blue :white :yellow) ((1 / 3 + 2 / 3 = 1) (3 + 2 - 1 * 1 = 4) (4 * 4 / 4 - 2 = 2) (2 - 1 * 3 + 4 = 3))]
[(:red :mint :green :white :mango :orange :blue :cyan :yellow) ((1 / 3 = 1 / 1 / 3) (3 * 2 = 4 + 2 * 1) (4 + 4 = 3 * 4 - 4) (2 - 1 = 2 - 3 + 2))]
[(:red :mint :green :orange :mango :cyan :blue :white :yellow) ((1 + 3 / 3 * 3 = 4) (3 - 2 + 2 - 1 = 2) (4 / 4 * 1 + 2 = 3) (2 * 1 - 4 / 4 = 1))]
[(:red :orange :green :cyan :mango :white :yellow :mint :blue) ((1 - 2 / 1 = 2 - 3) (3 / 4 * 4 = 3 / 1) (4 + 1 - 3 = 1 * 2) (2 * 3 + 2 = 4 + 4))]
[(:red :cyan :green :orange :mango :mint :yellow :white :blue) ((1 * 3 + 1 - 1 = 3) (3 - 2 * 4 / 4 = 1) (4 + 4 - 3 * 2 = 2) (2 / 1 / 2 + 3 = 4))]
[(:red :mint :green :orange :blue :white :yellow :cyan :mango) ((1 * 4 - 3 = 4 - 3) (3 + 1 / 1 = 2 + 2) (4 - 3 + 2 = 3 / 1) (2 / 2 * 4 = 1 * 4))]
[(:red :orange :green :mint :yellow :white :mango :cyan :blue) ((1 + 3 - 2 = 2 / 1) (3 * 2 / 3 = 1 * 2) (4 - 4 * 1 = 4 - 4) (2 / 1 + 4 = 3 + 3))]
[(:red :orange :green :mint :yellow :white :mango :cyan :blue) ((1 + 4 + 4 = 3 * 3) (3 * 1 - 2 = 2 - 1) (4 - 3 / 3 = 1 + 2) (2 / 2 * 1 = 4 / 4))]
[(:red :mint :green :white :yellow :cyan :mango :orange :blue) ((1 * 4 = 4 - 3 + 3) (3 + 1 = 2 + 2 * 1) (4 - 3 = 3 / 1 - 2) (2 / 2 = 1 * 4 / 4))]
[(:red :mint :green :white :yellow :orange :blue :cyan :mango) ((1 * 4 = 4 + 3 - 3) (3 + 1 = 2 * 1 + 2) (4 - 3 = 3 - 2 / 1) (2 / 2 = 1 / 4 * 4))]
[(:red :white :yellow :cyan :mango :orange :blue :mint :green) ((1 = 4 / 4 * 4 / 4) (3 = 2 * 3 - 3 * 1) (4 = 3 - 2 / 1 + 3) (2 = 1 + 1 + 2 - 2))]
[(:red :mint :yellow :white :mango :cyan :blue :orange :green) ((1 - 2 = 2 / 1 - 3) (3 / 3 = 1 * 2 / 2) (4 * 1 = 4 - 4 + 4) (2 + 4 = 3 + 3 * 1))]
[(:red :mint :yellow :orange :mango :cyan :blue :white :green) ((1 * 3 - 4 / 4 = 2) (3 + 1 / 3 * 3 = 4) (4 - 4 + 2 - 1 = 1) (2 / 2 * 1 + 2 = 3))]
[(:red :cyan :yellow :mint :mango :orange :blue :white :green) ((1 / 3 + 2 / 3 = 1) (3 * 1 - 1 + 1 = 3) (4 - 4 / 4 * 2 = 2) (2 + 2 * 3 - 4 = 4))]
[(:red :white :yellow :cyan :mango :mint :green :orange :blue) ((1 = 4 / 4 / 4 * 4) (3 = 2 * 3 * 1 - 3) (4 = 3 - 2 + 3 / 1) (2 = 1 + 1 - 2 + 2))]
[(:red :mint :yellow :white :mango :orange :green :cyan :blue) ((1 - 2 = 2 - 3 / 1) (3 / 3 = 1 / 2 * 2) (4 * 1 = 4 + 4 - 4) (2 + 4 = 3 * 1 + 3))]
[(:red :cyan :yellow :white :mango :orange :green :mint :blue) ((1 * 3 = 4 - 1 / 1) (3 - 1 = 3 / 3 * 2) (4 + 4 = 2 + 2 + 4) (2 / 2 = 1 * 4 - 3))]
[(:red :cyan :yellow :orange :mango :white :green :mint :blue) ((1 + 2 * 3 = 3 + 4) (3 / 3 - 2 = 2 - 3) (4 * 1 / 1 = 4 / 1) (2 - 4 + 4 = 1 * 2))]
[(:red :cyan :yellow :mint :mango :white :green :orange :blue) ((1 - 1 / 2 = 1 / 2) (3 + 4 * 1 = 3 + 4) (4 / 2 + 4 = 2 * 3) (2 * 3 - 3 = 4 - 1))]
[(:red :white :yellow :cyan :blue :mint :mango :orange :green) ((1 = 4 / 3 * 3 - 3) (3 = 2 * 1 + 2 / 2) (4 = 3 - 2 - 1 + 4) (2 = 1 + 4 / 4 * 1))]
[(:red :orange :yellow :white :blue :mint :mango :cyan :green) ((1 * 4 = 1 + 1 + 2) (3 - 2 = 2 - 4 / 4) (4 / 3 = 4 / 3 * 1) (2 + 1 = 3 * 2 - 3))]
[(:red :orange :yellow :mint :blue :white :mango :cyan :green) ((1 + 4 + 2 = 3 + 4) (3 * 2 - 4 = 2 / 1) (4 - 3 / 3 = 1 * 3) (2 / 1 * 1 = 4 - 2))]
[(:red :mint :yellow :orange :blue :white :green :cyan :mango) ((1 * 4 * 2 = 2 * 4) (3 + 2 - 4 = 4 - 3) (4 - 3 / 3 = 1 + 2) (2 / 1 + 1 = 3 / 1))]
[(:red :white :yellow :orange :green :cyan :mango :mint :blue) ((1 = 4 - 3 / 3 * 3) (3 = 2 / 2 * 2 + 1) (4 = 3 + 4 - 1 - 2) (2 = 1 * 1 + 4 / 4))]
[(:red :white :yellow :mint :green :cyan :mango :orange :blue) ((1 = 4 / 4 / 4 * 4) (3 = 2 * 1 * 3 - 3) (4 = 3 + 3 - 2 / 1) (2 = 1 - 2 + 1 + 2))]
[(:red :mint :yellow :orange :green :white :mango :cyan :blue) ((1 - 2 + 3 = 2 / 1) (3 / 3 * 2 = 1 * 2) (4 * 1 - 4 = 4 - 4) (2 + 4 / 1 = 3 + 3))]
[(:red :white :yellow :orange :green :cyan :blue :mint :mango) ((1 = 4 - 3 / 3 * 3) (3 = 2 / 2 * 1 + 2) (4 = 3 + 4 - 2 - 1) (2 = 1 * 1 + 4 / 4))]
[(:red :orange :yellow :white :green :cyan :blue :mint :mango) ((1 - 2 = 1 * 2 - 3) (3 / 3 = 3 - 4 / 2) (4 + 1 = 2 + 3 * 1) (2 * 4 = 4 / 1 + 4))]
[(:blue :cyan :mango :orange :red :white :green :mint :yellow) ((1 + 3 + 2 = 3 + 3) (2 / 2 * 1 = 2 - 1) (4 * 1 - 3 = 4 / 4) (3 - 4 / 4 = 1 * 2))]
[(:blue :mint :mango :cyan :green :white :red :orange :yellow) ((1 + 1 + 2 = 1 * 4) (2 - 4 / 4 = 3 - 2) (4 / 3 * 1 = 4 / 3) (3 * 2 - 3 = 2 + 1))]
[(:blue :orange :mango :cyan :green :mint :yellow :white :red) ((1 + 2 - 3 + 2 = 2) (2 * 1 + 2 - 3 = 1) (4 - 4 / 4 / 1 = 3) (3 / 3 * 1 * 4 = 4))]
[(:blue :orange :mango :white :yellow :cyan :red :mint :green) ((1 * 2 = 3 - 4 + 3) (2 - 1 = 1 + 2 - 2) (4 / 4 = 4 / 1 / 4) (3 + 3 = 2 * 3 * 1))]
[(:blue :mint :mango :orange :yellow :cyan :red :white :green) ((1 * 2 - 4 / 4 = 1) (2 + 1 / 2 * 2 = 3) (4 - 4 + 3 - 1 = 2) (3 / 3 * 1 + 3 = 4))]
[(:blue :orange :mango :white :yellow :mint :green :cyan :red) ((1 * 2 = 3 + 3 - 4) (2 - 1 = 1 - 2 + 2) (4 / 4 = 4 / 4 / 1) (3 + 3 = 2 * 1 * 3))]
[(:blue :orange :mango :mint :yellow :cyan :green :white :red) ((1 + 2 + 2 - 3 = 2) (2 * 1 - 3 + 2 = 1) (4 - 4 / 1 / 4 = 3) (3 / 3 * 4 * 1 = 4))]
[(:blue :mint :mango :white :yellow :orange :green :cyan :red) ((1 * 4 = 2 / 2 * 4) (2 + 3 = 3 + 4 - 2) (4 - 2 = 1 * 1 + 1) (3 / 1 = 4 - 3 / 3))]
[(:blue :white :red :cyan :mango :mint :green :orange :yellow) ((1 = 2 + 3 * 1 - 4) (2 = 1 / 2 + 3 / 2) (4 = 3 * 1 - 2 + 3) (3 = 4 - 4 / 4 * 1))]
[(:blue :mint :red :white :mango :orange :green :cyan :yellow) ((1 * 3 = 4 - 4 / 4) (2 + 4 = 3 / 1 * 2) (4 - 2 = 2 + 3 - 3) (3 / 1 = 1 * 2 + 1))]
[(:blue :orange :red :cyan :mango :white :yellow :mint :green) ((1 * 4 - 2 = 1 + 1) (2 - 2 + 1 = 4 - 3) (4 / 1 / 4 = 2 / 2) (3 + 3 * 3 = 3 * 4))]
[(:blue :mint :red :white :mango :orange :yellow :cyan :green) ((1 * 3 = 4 - 3 / 3) (2 + 4 = 3 / 1 * 2) (4 - 2 = 2 + 4 - 4) (3 / 1 = 1 * 2 + 1))]
[(:blue :white :red :cyan :green :orange :mango :mint :yellow) ((1 = 3 - 2 * 4 / 4) (2 = 4 + 4 - 3 * 2) (4 = 2 / 1 / 2 + 3) (3 = 1 * 3 + 1 - 1))]
[(:blue :mint :red :white :green :orange :mango :cyan :yellow) ((1 / 1 = 3 / 1 / 3) (2 * 3 = 2 + 4 * 1) (4 + 4 = 4 * 3 - 4) (3 - 2 = 1 - 2 + 2))]
[(:blue :orange :red :mint :green :white :yellow :cyan :mango) ((1 / 1 + 3 = 2 + 2) (2 + 3 - 2 = 3 / 1) (4 * 4 / 4 = 1 * 4) (3 - 2 * 1 = 4 - 3))]
[(:blue :mint :red :orange :green :white :yellow :cyan :mango) ((1 * 4 * 2 = 2 * 4) (2 + 2 - 4 = 3 - 3) (4 - 1 / 1 = 1 + 2) (3 / 3 + 3 = 4 / 1))]
[(:blue :mint :red :white :yellow :cyan :mango :orange :green) ((1 * 4 = 2 * 4 / 2) (2 + 2 = 3 - 3 + 4) (4 - 1 = 1 + 2 * 1) (3 / 3 = 4 / 1 - 3))]
[(:blue :mint :red :white :yellow :orange :green :cyan :mango) ((1 * 4 = 2 / 2 * 4) (2 + 2 = 3 + 4 - 3) (4 - 1 = 1 * 1 + 2) (3 / 3 = 4 - 3 / 1))]
[(:blue :mint :green :orange :mango :cyan :red :white :yellow) ((1 + 3 / 3 * 2 = 3) (2 - 2 + 2 - 1 = 1) (4 / 4 * 1 + 3 = 4) (3 * 1 - 4 / 4 = 2))]
[(:blue :cyan :green :white :red :orange :mango :mint :yellow) ((1 - 3 = 4 - 3 * 2) (2 + 2 = 2 / 2 + 3) (4 / 4 = 1 + 1 - 1) (3 * 1 = 3 * 4 / 4))]
[(:blue :cyan :green :mint :red :white :mango :orange :yellow) ((1 * 3 - 4 = 2 - 3) (2 - 2 / 2 = 1 / 1) (4 + 4 * 1 = 4 + 4) (3 / 1 + 3 = 3 * 2))]
[(:blue :orange :green :mint :red :white :yellow :cyan :mango) ((1 * 2 * 4 = 2 * 4) (2 - 4 + 2 = 3 - 3) (4 / 1 - 1 = 1 + 2) (3 + 3 / 3 = 4 / 1))]
[(:blue :mint :green :orange :red :white :yellow :cyan :mango) ((1 + 3 / 1 = 2 + 2) (2 - 2 + 3 = 3 / 1) (4 / 4 * 4 = 1 * 4) (3 * 1 - 2 = 4 - 3))]
[(:blue :orange :green :cyan :yellow :white :mango :mint :red) ((1 * 2 + 1 = 4 - 1) (2 - 4 / 4 = 3 / 3) (4 / 1 * 2 = 2 * 4) (3 + 3 - 3 = 1 + 2))]
[(:blue :mint :green :white :yellow :cyan :mango :orange :red) ((1 + 3 = 2 + 2 * 1) (2 - 2 = 3 / 1 - 3) (4 / 4 = 1 * 4 / 4) (3 * 1 = 4 - 3 + 2))]
[(:blue :mint :green :white :yellow :cyan :mango :orange :red) ((1 * 2 = 4 - 2 / 1) (2 + 4 = 2 + 1 + 3) (4 - 1 = 3 / 4 * 4) (3 / 3 = 1 * 3 - 2))]
[(:blue :white :green :mint :yellow :cyan :red :orange :mango) ((1 = 2 - 1 * 4 / 4) (2 = 4 / 4 - 2 + 3) (4 = 1 * 2 + 1 * 2) (3 = 3 + 3 / 3 - 1))]
[(:blue :orange :green :white :yellow :cyan :red :mint :mango) ((1 + 2 = 1 + 2 * 1) (2 * 4 = 4 / 1 + 4) (4 - 1 = 2 * 3 - 3) (3 / 3 = 3 - 4 / 2))]
[(:blue :mint :green :white :yellow :orange :red :cyan :mango) ((1 + 3 = 2 * 1 + 2) (2 - 2 = 3 - 3 / 1) (4 / 4 = 1 / 4 * 4) (3 * 1 = 4 + 2 - 3))]
[(:blue :white :yellow :orange :mango :mint :green :cyan :red) ((1 = 3 - 2 * 3 + 4) (2 = 1 / 1 + 2 / 2) (4 = 4 + 4 - 4 * 1) (3 = 2 * 3 / 1 - 3))]
[(:blue :white :yellow :cyan :mango :mint :green :orange :red) ((1 = 1 * 2 + 3 - 4) (2 = 4 - 1 - 2 / 2) (4 = 2 + 4 / 4 + 1) (3 = 3 / 3 * 1 * 3))]
[(:blue :mint :yellow :white :mango :orange :green :cyan :red) ((1 * 1 = 4 / 4 / 1) (2 + 4 = 3 + 1 * 3) (4 - 2 = 2 * 3 - 4) (3 / 3 = 1 - 2 + 2))]
[(:blue :mint :yellow :orange :mango :cyan :green :white :red) ((1 + 2 + 2 - 3 = 2) (2 - 3 * 1 + 2 = 1) (4 / 1 - 4 / 4 = 3) (3 * 4 / 3 * 1 = 4))]
[(:blue :white :yellow :orange :green :cyan :mango :mint :red) ((1 = 3 - 3 / 3 * 2) (2 = 1 / 2 * 2 + 1) (4 = 4 + 4 - 1 - 3) (3 = 2 * 1 + 4 / 4))]
[(:blue :orange :yellow :cyan :green :white :mango :mint :red) ((1 * 2 + 1 = 4 - 1) (2 - 3 / 3 = 3 / 3) (4 / 1 * 2 = 2 * 4) (3 + 4 - 4 = 1 + 2))]
[(:blue :orange :yellow :cyan :green :white :mango :mint :red) ((1 * 2 - 3 = 3 - 4) (2 - 3 + 2 = 2 / 2) (4 / 1 / 4 = 1 * 1) (3 + 4 * 1 = 4 + 3))]
[(:blue :mint :yellow :white :green :cyan :mango :orange :red) ((1 + 3 = 4 / 4 * 4) (2 - 1 = 1 * 3 - 2) (4 / 4 = 3 - 2 / 1) (3 * 2 = 2 + 1 + 3))]
[(:green :white :mango :cyan :red :mint :blue :orange :yellow) ((1 = 2 / 3 + 1 / 3) (3 = 1 * 4 - 2 + 1) (2 = 4 - 2 / 4 * 4) (4 = 3 + 1 * 3 - 2))]
[(:green :cyan :mango :orange :red :white :blue :mint :yellow) ((1 * 3 - 2 = 2 - 1) (3 - 2 / 1 = 4 / 4) (2 + 1 + 3 = 3 * 2) (4 / 4 * 4 = 1 + 3))]
[(:green :cyan :mango :mint :red :orange :blue :white :yellow) ((1 * 3 + 4 / 4 = 4) (3 - 2 - 2 + 3 = 2) (2 + 1 / 1 * 1 = 3) (4 / 4 * 3 - 2 = 1))]
[(:green :white :mango :mint :red :orange :yellow :cyan :blue) ((1 = 3 / 2 * 2 - 2) (3 = 2 * 1 - 3 + 4) (2 = 1 + 3 / 1 / 3) (4 = 4 - 4 + 4 * 1))]
[(:green :cyan :mango :white :red :mint :yellow :orange :blue) ((1 + 2 = 4 - 3 / 3) (3 / 1 = 2 / 1 + 1) (2 * 4 = 1 * 4 * 2) (4 - 3 = 3 + 2 - 4))]
[(:green :cyan :mango :orange :blue :mint :red :white :yellow) ((1 + 4 / 2 + 1 = 4) (3 / 3 + 4 - 3 = 2) (2 * 2 * 3 / 4 = 3) (4 - 1 - 1 * 2 = 1))]
[(:green :cyan :mango :mint :blue :orange :red :white :yellow) ((1 * 3 + 1 / 1 = 4) (3 - 2 - 2 + 3 = 2) (2 + 1 / 4 * 4 = 3) (4 / 4 * 3 - 2 = 1))]
[(:green :white :mango :mint :blue :orange :yellow :cyan :red) ((1 = 2 * 1 - 4 / 4) (3 = 1 + 2 / 2 * 2) (2 = 4 - 4 + 3 - 1) (4 = 3 / 3 * 1 + 3))]
[(:green :orange :mango :mint :blue :white :yellow :cyan :red) ((1 / 3 * 4 = 4 / 3) (3 + 2 + 3 = 2 * 4) (2 * 1 - 1 = 3 - 2) (4 - 4 / 2 = 1 + 1))]
[(:green :cyan :mango :mint :blue :white :yellow :orange :red) ((1 * 3 - 1 = 4 - 2) (3 - 2 / 2 = 2 / 1) (2 + 1 * 4 = 3 + 3) (4 / 4 + 3 = 1 * 4))]
[(:green :white :mango :orange :yellow :mint :red :cyan :blue) ((1 = 3 * 2 / 2 - 2) (3 = 2 - 3 * 1 + 4) (2 = 1 / 1 + 3 / 3) (4 = 4 + 4 - 4 * 1))]
[(:green :white :mango :orange :yellow :cyan :red :mint :blue) ((1 = 2 - 4 / 4 * 1) (3 = 1 / 2 * 2 + 2) (2 = 4 + 3 - 1 - 4) (4 = 3 * 1 + 3 / 3))]
[(:green :orange :mango :cyan :yellow :white :red :mint :blue) ((1 * 4 + 2 = 2 * 3) (3 - 3 / 3 = 1 + 1) (2 / 2 * 1 = 3 - 2) (4 + 1 - 4 = 4 / 4))]
[(:green :white :mango :orange :yellow :cyan :blue :mint :red) ((1 = 2 + 4 - 2 - 3) (3 = 1 * 2 + 4 / 4) (2 = 4 - 3 / 3 * 2) (4 = 3 / 1 * 1 + 1))]
[(:green :orange :mango :cyan :yellow :white :blue :mint :red) ((1 - 2 + 2 = 3 - 2) (3 / 1 / 3 = 1 / 1) (2 + 4 * 1 = 2 * 3) (4 * 3 - 4 = 4 + 4))]
[(:green :cyan :mango :white :yellow :mint :blue :orange :red) ((1 * 3 = 4 + 2 - 3) (3 - 2 = 2 - 4 / 4) (2 + 1 = 3 / 3 + 2) (4 / 4 = 1 * 1 * 1))]
[(:green :cyan :mango :white :yellow :mint :blue :orange :red) ((1 * 3 = 3 / 3 + 2) (3 - 2 = 1 * 1 * 1) (2 + 1 = 4 + 2 - 3) (4 / 4 = 2 - 4 / 4))]
[(:green :mint :red :white :mango :cyan :blue :orange :yellow) ((1 / 4 = 2 / 4 / 2) (3 * 2 = 1 * 3 + 3) (2 + 1 = 4 - 1 * 1) (4 - 3 = 3 + 2 - 4))]
[(:green :mint :red :cyan :mango :orange :blue :white :yellow) ((1 + 4 * 3 / 4 = 4) (3 - 2 - 2 + 3 = 2) (2 / 1 + 1 * 1 = 3) (4 * 3 / 4 - 2 = 1))]
[(:green :white :red :cyan :blue :mint :mango :orange :yellow) ((1 = 3 - 3 / 3 * 2) (3 = 4 + 1 * 2 - 3) (2 = 2 / 2 + 1 / 1) (4 = 1 * 4 - 4 + 4))]
[(:green :orange :red :mint :blue :white :yellow :cyan :mango) ((1 * 3 - 2 = 3 / 3) (3 - 4 / 4 = 1 * 2) (2 / 2 * 3 = 4 - 1) (4 + 1 + 1 = 2 + 4))]
[(:green :orange :red :mint :blue :cyan :yellow :white :mango) ((1 + 2 + 2 - 2 = 3) (3 * 1 - 4 + 3 = 2) (2 - 3 / 3 / 1 = 1) (4 / 4 * 1 * 4 = 4))]
[(:green :mint :red :orange :blue :white :yellow :cyan :mango) ((1 * 3 - 2 = 4 - 3) (3 + 4 / 4 = 2 + 2) (2 - 2 + 3 = 3 / 1) (4 / 1 * 1 = 1 * 4))]
[(:green :white :red :mint :yellow :orange :mango :cyan :blue) ((1 = 4 - 4 + 2 - 1) (3 = 2 / 2 * 1 + 2) (2 = 1 * 3 - 4 / 4) (4 = 3 + 1 / 3 * 3))]
[(:green :white :red :cyan :yellow :mint :mango :orange :blue) ((1 = 1 / 3 + 2 / 3) (3 = 3 * 1 - 1 + 1) (2 = 4 - 4 / 4 * 2) (4 = 2 + 2 * 3 - 4))]
[(:green :mint :red :orange :yellow :white :mango :cyan :blue) ((1 / 4 * 2 = 2 / 4) (3 * 2 - 3 = 1 * 3) (2 + 1 / 1 = 4 - 1) (4 - 3 + 4 = 3 + 2))]
[(:green :cyan :red :orange :yellow :white :mango :mint :blue) ((1 + 4 + 4 = 3 * 3) (3 / 2 * 2 = 2 + 1) (2 * 1 - 3 = 1 - 2) (4 - 3 / 1 = 4 / 4))]
[(:green :orange :red :cyan :yellow :mint :blue :white :mango) ((1 + 2 - 2 + 2 = 3) (3 * 1 + 3 - 4 = 2) (2 - 3 / 1 / 3 = 1) (4 / 4 * 4 * 1 = 4))]
[(:green :cyan :blue :mint :mango :white :red :orange :yellow) ((1 * 2 - 3 = 1 - 2) (3 - 4 / 2 = 3 / 3) (2 + 3 * 1 = 4 + 1) (4 / 1 + 4 = 2 * 4))]
[(:green :white :blue :mint :mango :orange :yellow :cyan :red) ((1 = 1 * 2 - 4 / 4) (3 = 2 + 1 / 2 * 2) (2 = 4 - 4 + 3 - 1) (4 = 3 / 3 * 1 + 3))]
[(:green :mint :blue :white :mango :orange :yellow :cyan :red) ((1 / 1 = 1 / 2 * 2) (3 * 2 = 4 + 3 - 1) (2 + 4 = 3 * 1 + 3) (4 - 3 = 2 - 4 / 4))]
[(:green :cyan :blue :white :mango :orange :yellow :mint :red) ((1 + 4 = 1 + 3 + 1) (3 / 3 = 4 * 1 - 3) (2 * 1 = 3 - 4 / 4) (4 - 2 = 2 / 2 * 2))]
[(:green :orange :blue :white :red :mint :mango :cyan :yellow) ((1 * 3 = 4 - 1 / 1) (3 - 1 = 2 / 4 * 4) (2 / 2 = 1 * 3 - 2) (4 + 4 = 3 + 2 + 3))]
[(:green :cyan :blue :white :red :mint :mango :orange :yellow) ((1 + 4 = 3 - 1 + 3) (3 / 3 = 4 / 4 * 1) (2 * 1 = 2 * 3 - 4) (4 - 2 = 1 + 2 / 2))]
[(:green :orange :blue :white :red :cyan :yellow :mint :mango) ((1 / 2 = 1 - 1 / 2) (3 + 4 = 3 + 4 * 1) (2 * 3 = 4 / 2 + 4) (4 - 1 = 2 * 3 - 3))]
[(:green :mint :blue :white :red :cyan :yellow :orange :mango) ((1 * 2 = 2 - 4 + 4) (3 + 4 = 1 + 2 * 3) (2 - 3 = 3 / 3 - 2) (4 / 1 = 4 * 1 / 1))]
[(:green :mint :blue :orange :red :white :yellow :cyan :mango) ((1 * 3 - 2 = 4 - 3) (3 + 1 / 1 = 2 + 2) (2 - 2 + 3 = 3 / 1) (4 / 4 * 4 = 1 * 4))]
[(:green :cyan :blue :mint :red :orange :yellow :white :mango) ((1 * 3 - 4 + 4 = 3) (3 - 1 / 2 * 2 = 2) (2 + 2 * 1 - 3 = 1) (4 / 4 + 3 / 1 = 4))]
[(:green :mint :blue :white :yellow :cyan :mango :orange :red) ((1 * 3 = 4 - 3 + 2) (3 + 1 = 2 + 2 * 1) (2 - 2 = 3 / 1 - 3) (4 / 4 = 1 * 4 / 4))]
[(:green :cyan :blue :white :yellow :mint :mango :orange :red) ((1 * 3 = 4 / 4 * 3) (3 - 1 = 2 * 3 - 4) (2 + 2 = 3 + 2 / 2) (4 / 4 = 1 - 1 + 1))]
[(:green :cyan :blue :orange :yellow :white :mango :mint :red) ((1 * 2 / 1 = 2 / 1) (3 - 4 + 4 = 1 * 3) (2 + 3 * 2 = 4 + 4) (4 / 1 - 3 = 3 - 2))]
[(:green :mint :blue :white :yellow :orange :red :cyan :mango) ((1 * 3 = 4 + 2 - 3) (3 + 1 = 2 * 1 + 2) (2 - 2 = 3 - 3 / 1) (4 / 4 = 1 / 4 * 4))]
[(:green :mint :blue :orange :yellow :white :red :cyan :mango) ((1 * 2 - 1 = 4 - 3) (3 + 4 / 4 = 2 + 2) (2 - 3 + 2 = 1 / 1) (4 / 1 * 3 = 3 * 4))]
[(:green :cyan :blue :orange :yellow :white :red :mint :mango) ((1 * 3 + 4 = 3 + 4) (3 - 1 * 2 = 4 - 3) (2 + 2 - 3 = 2 / 2) (4 / 4 / 1 = 1 * 1))]
[(:green :cyan :blue :orange :yellow :mint :red :white :mango) ((1 * 3 + 4 - 4 = 3) (3 - 1 * 2 / 2 = 2) (2 + 2 - 3 * 1 = 1) (4 / 4 / 1 + 3 = 4))]
[(:green :white :yellow :orange :mango :cyan :red :mint :blue) ((1 = 4 - 2 / 2 * 3) (3 = 2 / 1 * 1 + 1) (2 = 3 + 4 - 3 - 2) (4 = 1 * 3 + 4 / 4))]
[(:green :white :yellow :orange :mango :cyan :blue :mint :red) ((1 = 4 + 2 - 1 - 4) (3 = 2 * 1 + 2 / 2) (2 = 3 - 4 / 4 * 1) (4 = 1 / 3 * 3 + 3))]
[(:green :white :yellow :mint :red :orange :mango :cyan :blue) ((1 = 4 - 4 + 2 - 1) (3 = 2 / 2 * 1 + 2) (2 = 3 * 1 - 4 / 4) (4 = 1 + 3 / 3 * 3))]
[(:green :orange :yellow :cyan :red :white :mango :mint :blue) ((1 + 4 + 4 = 3 * 3) (3 * 2 / 2 = 2 + 1) (2 - 3 * 1 = 1 - 2) (4 / 1 - 3 = 4 / 4))]
[(:green :mint :yellow :white :red :orange :mango :cyan :blue) ((1 + 1 = 2 * 3 / 3) (3 - 4 = 1 - 2 * 1) (2 / 2 = 3 / 1 - 2) (4 * 3 = 4 + 4 + 4))]
[(:green :mint :yellow :cyan :red :orange :mango :white :blue) ((1 * 2 + 1 * 2 = 4) (3 + 3 / 3 - 1 = 3) (2 - 1 * 4 / 4 = 1) (4 / 4 - 2 + 3 = 2))]
[(:green :mint :yellow :white :red :cyan :blue :orange :mango) ((1 + 1 = 2 / 3 * 3) (3 - 4 = 1 * 1 - 2) (2 / 2 = 3 - 2 / 1) (4 * 3 = 4 + 4 + 4))]
[(:green :cyan :yellow :orange :red :mint :blue :white :mango) ((1 - 2 + 2 + 2 = 3) (3 + 3 * 1 - 4 = 2) (2 / 1 - 3 / 3 = 1) (4 * 4 / 4 * 1 = 4))]
[(:green :mint :yellow :white :blue :cyan :mango :orange :red) ((1 * 2 = 3 - 4 / 4) (3 + 3 = 1 + 3 + 2) (2 - 1 = 2 / 2 * 1) (4 / 4 = 4 * 1 - 3))]
[(:yellow :white :mango :mint :red :cyan :blue :orange :green) ((4 = 3 / 3 + 1 * 3) (2 = 2 * 4 / 2 - 2) (3 = 1 + 2 * 4 / 4) (1 = 4 - 1 - 3 + 1))]
[(:yellow :orange :mango :white :red :mint :blue :cyan :green) ((4 - 2 = 2 / 4 * 4) (2 / 1 = 1 * 3 - 1) (3 + 4 = 3 + 1 + 3) (1 * 3 = 4 - 2 / 2))]
[(:yellow :orange :mango :cyan :red :mint :blue :white :green) ((4 - 2 / 2 * 3 = 1) (2 / 1 * 1 + 1 = 3) (3 + 4 - 3 - 2 = 2) (1 * 3 + 4 / 4 = 4))]
[(:yellow :cyan :mango :orange :red :white :blue :mint :green) ((4 - 3 + 2 = 3 * 1) (2 + 2 * 1 = 1 + 3) (3 / 1 - 3 = 2 - 2) (1 * 4 / 4 = 4 / 4))]
[(:yellow :cyan :mango :orange :red :white :blue :mint :green) ((4 - 2 / 1 = 1 * 2) (2 + 1 + 3 = 2 + 4) (3 / 4 * 4 = 4 - 1) (1 * 3 - 2 = 3 / 3))]
[(:yellow :white :mango :orange :red :cyan :green :mint :blue) ((4 = 3 / 3 * 3 + 1) (2 = 2 + 4 - 2 - 2) (3 = 1 * 2 + 4 / 4) (1 = 4 - 1 / 1 * 3))]
[(:yellow :mint :mango :orange :red :white :green :cyan :blue) ((4 / 4 * 3 = 1 * 3) (2 * 3 - 4 = 3 - 1) (3 + 2 / 2 = 2 + 2) (1 - 1 + 1 = 4 / 4))]
[(:yellow :cyan :mango :white :red :mint :green :orange :blue) ((4 - 3 = 1 * 4 - 3) (2 + 2 = 3 + 1 / 1) (3 / 1 = 4 - 3 + 2) (1 * 4 = 2 / 2 * 4))]
[(:yellow :cyan :mango :orange :red :white :green :mint :blue) ((4 - 3 + 2 = 1 * 3) (2 + 2 * 1 = 3 + 1) (3 / 1 - 3 = 2 - 2) (1 * 4 / 4 = 4 / 4))]
[(:yellow :orange :mango :cyan :blue :mint :red :white :green) ((4 + 2 - 1 - 4 = 1) (2 * 1 + 2 / 2 = 3) (3 - 4 / 4 * 1 = 2) (1 / 3 * 3 + 3 = 4))]
[(:yellow :cyan :mango :white :blue :orange :red :mint :green) ((4 - 3 = 3 - 2 * 1) (2 + 2 = 1 / 1 + 3) (3 / 1 = 2 + 3 - 2) (1 * 4 = 4 * 4 / 4))]
[(:yellow :cyan :mango :white :blue :mint :red :orange :green) ((4 / 1 = 3 / 3 + 3) (2 * 4 = 1 * 4 * 2) (3 - 3 = 2 + 2 - 4) (1 + 2 = 4 - 1 / 1))]
[(:yellow :cyan :mango :orange :blue :white :red :mint :green) ((4 - 3 + 3 = 1 * 4) (2 + 2 * 1 = 3 + 1) (3 / 1 - 2 = 4 - 3) (1 * 4 / 4 = 2 / 2))]
[(:yellow :cyan :mango :white :blue :orange :green :mint :red) ((4 / 1 = 3 + 3 / 3) (2 * 4 = 1 * 2 * 4) (3 - 3 = 2 - 4 + 2) (1 + 2 = 4 / 1 - 1))]
[(:yellow :cyan :mango :white :blue :mint :green :orange :red) ((4 - 3 = 3 * 1 - 2) (2 + 2 = 1 + 3 / 1) (3 / 1 = 2 - 2 + 3) (1 * 4 = 4 / 4 * 4))]
[(:yellow :cyan :mango :orange :blue :mint :green :white :red) ((4 / 4 * 4 / 4 = 1) (2 * 3 - 3 * 1 = 3) (3 - 2 / 1 + 3 = 4) (1 + 1 + 2 - 2 = 2))]
[(:yellow :white :mango :orange :green :mint :red :cyan :blue) ((4 = 3 + 4 / 4 * 1) (2 = 2 * 1 * 2 - 2) (3 = 1 - 3 + 1 + 4) (1 = 4 / 2 - 3 / 3))]
[(:yellow :white :mango :orange :green :cyan :red :mint :blue) ((4 = 4 / 1 / 2 + 2) (2 = 3 + 3 * 1 - 4) (3 = 2 * 2 - 3 / 3) (1 = 1 - 4 + 4 * 1))]
[(:yellow :white :mango :cyan :green :orange :red :mint :blue) ((4 = 3 * 3 / 3 + 1) (2 = 2 - 2 + 4 - 2) (3 = 1 + 4 * 2 / 4) (1 = 4 / 1 - 1 * 3))]
[(:yellow :orange :mango :mint :green :cyan :red :white :blue) ((4 + 4 - 4 * 1 = 4) (2 * 3 / 1 - 3 = 3) (3 - 2 * 3 + 4 = 1) (1 / 1 + 2 / 2 = 2))]
[(:yellow :cyan :mango :white :green :orange :red :mint :blue) ((4 - 1 = 2 / 2 * 3) (2 + 4 = 4 + 1 + 1) (3 / 3 = 1 * 3 - 2) (1 * 2 = 3 - 4 / 4))]
[(:yellow :cyan :mango :white :green :mint :red :orange :blue) ((4 - 3 = 1 * 3 - 2) (2 + 2 = 3 + 4 / 4) (3 / 1 = 2 - 2 + 3) (1 * 4 = 4 / 1 * 1))]
[(:yellow :cyan :mango :mint :green :white :red :orange :blue) ((4 / 4 / 4 = 1 / 4) (2 * 3 * 1 = 3 + 3) (3 - 2 + 3 = 4 * 1) (1 + 1 - 2 = 2 - 2))]
[(:yellow :cyan :mango :mint :green :orange :red :white :blue) ((4 - 1 - 2 / 2 = 2) (2 + 4 / 4 + 1 = 4) (3 / 3 * 1 * 3 = 3) (1 * 2 + 3 - 4 = 1))]
[(:yellow :cyan :mango :white :green :mint :blue :orange :red) ((4 - 3 = 1 * 3 - 2) (2 + 2 = 3 + 1 / 1) (3 / 1 = 2 - 2 + 3) (1 * 4 = 4 / 4 * 4))]
[(:yellow :cyan :mango :orange :green :white :blue :mint :red) ((4 / 1 - 3 = 3 / 3) (2 * 4 / 2 = 1 * 4) (3 - 3 + 4 = 2 + 2) (1 + 2 * 1 = 4 - 1))]
[(:yellow :cyan :mango :mint :green :orange :blue :white :red) ((4 / 4 / 4 * 4 = 1) (2 * 3 * 1 - 3 = 3) (3 - 2 + 3 / 1 = 4) (1 + 1 - 2 + 2 = 2))]
[(:yellow :orange :red :cyan :mango :white :blue :mint :green) ((4 + 2 - 3 = 3 * 1) (2 * 1 + 2 = 1 + 3) (3 - 3 / 1 = 2 - 2) (1 / 4 * 4 = 4 / 4))]
[(:yellow :mint :red :white :mango :cyan :blue :orange :green) ((4 - 3 = 3 + 2 - 4) (2 / 4 = 2 / 4 / 1) (3 * 2 = 1 * 3 + 3) (1 + 1 = 4 - 1 * 2))]
[(:yellow :mint :red :orange :mango :cyan :blue :white :green) ((4 - 4 + 2 - 1 = 1) (2 / 2 * 1 + 2 = 3) (3 * 1 - 4 / 4 = 2) (1 + 3 / 3 * 3 = 4))]
[(:yellow :cyan :red :mint :mango :white :blue :orange :green) ((4 / 1 + 4 = 2 * 4) (2 * 3 - 3 = 4 - 1) (3 - 4 / 2 = 3 / 3) (1 + 2 * 1 = 1 + 2))]
[(:yellow :orange :red :cyan :mango :white :green :mint :blue) ((4 + 2 - 3 = 1 * 3) (2 * 1 + 2 = 3 + 1) (3 - 3 / 1 = 2 - 2) (1 / 4 * 4 = 4 / 4))]
[(:yellow :white :red :mint :blue :orange :mango :cyan :green) ((4 = 1 + 1 / 1 + 2) (2 = 3 - 2 + 4 / 4) (3 = 4 / 4 * 3 * 1) (1 = 2 * 3 - 2 - 3))]
[(:yellow :white :red :orange :green :mint :mango :cyan :blue) ((4 = 3 + 2 - 1 * 1) (2 = 4 * 4 / 4 - 2) (3 = 2 - 1 * 3 + 4) (1 = 1 / 3 + 2 / 3))]
[(:yellow :white :red :mint :green :orange :mango :cyan :blue) ((4 = 1 + 3 / 3 * 3) (2 = 3 - 2 + 2 - 1) (3 = 4 / 4 * 1 + 2) (1 = 2 * 1 - 4 / 4))]
[(:yellow :orange :red :white :green :cyan :mango :mint :blue) ((4 - 2 = 1 * 3 - 1) (2 / 1 = 3 - 2 / 2) (3 + 3 = 2 + 1 * 4) (1 * 4 = 4 / 4 + 3))]
[(:yellow :cyan :red :white :green :orange :mango :mint :blue) ((4 / 3 = 1 / 3 * 4) (2 * 4 = 3 + 2 + 3) (3 - 2 = 2 * 1 - 1) (1 + 1 = 4 - 4 / 2))]
[(:yellow :cyan :red :orange :green :mint :blue :white :mango) ((4 - 2 / 2 - 2 = 1) (2 + 1 + 4 / 4 = 4) (3 / 3 * 1 * 3 = 3) (1 * 4 - 3 + 1 = 2))]
[(:yellow :cyan :red :mint :green :white :blue :orange :mango) ((4 / 1 / 4 = 4 / 4) (2 * 3 * 1 = 3 + 3) (3 - 4 + 3 = 1 * 2) (1 + 2 - 2 = 2 - 1))]
[(:yellow :orange :blue :cyan :mango :white :red :mint :green) ((4 + 3 - 3 = 1 * 4) (2 * 1 + 2 = 3 + 1) (3 - 2 / 1 = 4 - 3) (1 / 4 * 4 = 2 / 2))]
[(:yellow :cyan :blue :mint :mango :orange :green :white :red) ((4 / 3 * 3 - 3 = 1) (2 * 1 + 2 / 2 = 3) (3 - 2 - 1 + 4 = 4) (1 + 4 / 4 * 1 = 2))]
[(:yellow :mint :blue :white :red :cyan :mango :orange :green) ((4 + 4 = 2 + 2 * 3) (2 - 3 = 1 / 1 - 2) (3 / 1 = 3 * 4 / 4) (1 * 2 = 4 - 3 + 1))]
[(:yellow :mint :blue :white :red :orange :green :cyan :mango) ((4 + 4 = 2 * 3 + 2) (2 - 3 = 1 - 2 / 1) (3 / 1 = 3 / 4 * 4) (1 * 2 = 4 + 1 - 3))]
[(:yellow :mint :blue :orange :red :white :green :cyan :mango) ((4 + 2 - 3 = 1 * 3) (2 - 4 / 4 = 3 - 2) (3 / 3 + 2 = 2 + 1) (1 * 1 * 1 = 4 / 4))]
[(:yellow :mint :blue :orange :red :white :green :cyan :mango) ((4 + 2 - 3 = 2 + 1) (2 - 4 / 4 = 4 / 4) (3 / 3 + 2 = 1 * 3) (1 * 1 * 1 = 3 - 2))]
[(:yellow :white :blue :mint :green :orange :mango :cyan :red) ((4 = 4 / 4 * 1 + 3) (2 = 3 * 1 - 4 / 4) (3 = 1 + 3 / 3 * 2) (1 = 2 - 2 + 2 - 1))]
[(:yellow :orange :blue :cyan :green :white :mango :mint :red) ((4 / 1 - 3 = 4 / 4) (2 + 2 + 2 = 3 * 2) (3 * 4 / 4 = 2 + 1) (1 - 3 * 1 = 1 - 3))]
[(:yellow :white :green :cyan :mango :mint :red :orange :blue) ((4 = 1 * 3 + 4 / 4) (2 = 3 - 2 - 2 + 3) (3 = 2 + 1 / 1 * 1) (1 = 4 / 4 * 3 - 2))]
[(:yellow :orange :green :cyan :mango :mint :red :white :blue) ((4 + 4 - 1 - 3 = 4) (2 * 1 + 4 / 4 = 3) (3 - 3 / 3 * 2 = 1) (1 / 2 * 2 + 1 = 2))]
[(:yellow :mint :green :cyan :mango :white :red :orange :blue) ((4 / 4 / 4 = 1 / 4) (2 * 1 * 3 = 3 + 3) (3 + 3 - 2 = 4 * 1) (1 - 2 + 1 = 2 - 2))]
[(:yellow :white :green :cyan :mango :orange :blue :mint :red) ((4 = 1 + 4 / 2 + 1) (2 = 3 / 3 + 4 - 3) (3 = 2 * 2 * 3 / 4) (1 = 4 - 1 - 1 * 2))]
[(:yellow :white :green :cyan :mango :mint :blue :orange :red) ((4 = 1 * 3 + 1 / 1) (2 = 3 - 2 - 2 + 3) (3 = 2 + 1 / 4 * 4) (1 = 4 / 4 * 3 - 2))]
[(:yellow :orange :green :cyan :mango :white :blue :mint :red) ((4 - 3 / 1 = 3 / 3) (2 / 2 * 4 = 1 * 4) (3 + 4 - 3 = 2 + 2) (1 * 1 + 2 = 4 - 1))]
[(:yellow :orange :green :cyan :mango :mint :blue :white :red) ((4 - 3 / 3 * 3 = 1) (2 / 2 * 2 + 1 = 3) (3 + 4 - 1 - 2 = 4) (1 * 1 + 4 / 4 = 2))]
[(:yellow :mint :green :cyan :mango :orange :blue :white :red) ((4 / 4 / 4 * 4 = 1) (2 * 1 * 3 - 3 = 3) (3 + 3 - 2 / 1 = 4) (1 - 2 + 1 + 2 = 2))]
[(:yellow :white :green :mint :red :cyan :mango :orange :blue) ((4 = 1 + 4 * 3 / 4) (2 = 3 - 2 - 2 + 3) (3 = 2 / 1 + 1 * 1) (1 = 4 * 3 / 4 - 2))]
[(:yellow :mint :green :orange :red :white :mango :cyan :blue) ((4 * 1 - 1 = 1 * 3) (2 + 3 / 3 = 4 - 1) (3 - 2 + 4 = 3 + 2) (1 / 4 * 2 = 2 / 4))]
[(:yellow :orange :green :white :red :mint :blue :cyan :mango) ((4 - 3 = 1 / 3 * 3) (2 / 2 = 3 * 1 - 2) (3 + 4 = 4 + 2 + 1) (1 * 1 = 2 - 4 / 4))]
[(:yellow :orange :green :white :red :cyan :blue :mint :mango) ((4 - 4 = 1 * 4 - 4) (2 / 1 = 3 - 3 / 3) (3 + 3 = 4 + 1 * 2) (1 * 2 = 2 / 2 + 1))]
[(:yellow :orange :green :cyan :red :white :blue :mint :mango) ((4 - 3 / 3 = 3 / 1) (2 / 2 * 4 = 1 * 4) (3 + 4 - 2 = 2 + 3) (1 * 1 + 1 = 4 - 2))]
[(:yellow :orange :green :cyan :red :mint :blue :white :mango) ((4 - 4 + 4 * 1 = 4) (2 / 1 / 2 + 2 = 3) (3 + 3 * 1 - 4 = 2) (1 * 2 - 3 / 3 = 1))]
[(:yellow :mint :green :cyan :red :white :blue :orange :mango) ((4 / 4 / 1 = 4 / 4) (2 * 1 * 3 = 3 + 3) (3 + 3 - 4 = 1 * 2) (1 - 2 + 2 = 2 - 1))]
[(:yellow :orange :green :cyan :blue :mint :mango :white :red) ((4 - 3 / 3 * 3 = 1) (2 / 2 * 1 + 2 = 3) (3 + 4 - 2 - 1 = 4) (1 * 1 + 4 / 4 = 2))]
[(:yellow :cyan :green :orange :blue :white :mango :mint :red) ((4 - 3 / 1 = 4 / 4) (2 + 2 + 2 = 3 * 2) (3 / 4 * 4 = 2 + 1) (1 * 1 - 3 = 1 - 3))]
[(:yellow :mint :green :white :blue :orange :red :cyan :mango) ((4 - 3 = 2 - 2 + 1) (2 / 2 = 4 / 1 / 4) (3 * 4 = 3 + 3 * 3) (1 + 1 = 1 * 4 - 2))]

Script done on Tue 02 Feb 2016 09:22:46 AM UTC
